<?xml version="1.0" encoding="UTF-8"?>
<testng-results ignored="0" total="1" passed="1" failed="0" skipped="0">
  <reporter-output>
  </reporter-output>
  <suite started-at="2022-08-13T23:26:48 EDT" name="Default suite" finished-at="2022-08-13T23:26:55 EDT" duration-ms="7528">
    <groups>
    </groups>
    <test started-at="2022-08-13T23:26:48 EDT" name="Default test" finished-at="2022-08-13T23:26:55 EDT" duration-ms="7528">
      <class name="net.calculator.tc.Calculator_TC">
        <test-method is-config="true" signature="Setup()[pri:0, instance:net.calculator.tc.Calculator_TC@4cc451f2]" started-at="2022-08-13T23:26:48 EDT" name="Setup" finished-at="2022-08-13T23:26:51 EDT" duration-ms="2992" status="PASS">
          <reporter-output>
          </reporter-output>
        </test-method> <!-- Setup -->
        <test-method signature="Test_Calculator()[pri:0, instance:net.calculator.tc.Calculator_TC@4cc451f2]" started-at="2022-08-13T23:26:51 EDT" name="Test_Calculator" finished-at="2022-08-13T23:26:55 EDT" duration-ms="4008" status="PASS">
          <reporter-output>
          </reporter-output>
        </test-method> <!-- Test_Calculator -->
        <test-method is-config="true" signature="TearDown()[pri:0, instance:net.calculator.tc.Calculator_TC@4cc451f2]" started-at="2022-08-13T23:26:55 EDT" name="TearDown" finished-at="2022-08-13T23:26:55 EDT" duration-ms="483" status="PASS">
          <reporter-output>
          </reporter-output>
        </test-method> <!-- TearDown -->
      </class> <!-- net.calculator.tc.Calculator_TC -->
    </test> <!-- Default test -->
  </suite> <!-- Default suite -->
</testng-results>
