<?xml version="1.0" encoding="UTF-8"?>
<testng-results ignored="0" total="1" passed="1" failed="0" skipped="0">
  <reporter-output>
  </reporter-output>
  <suite started-at="2022-08-13T21:05:41 EDT" name="Default suite" finished-at="2022-08-13T21:06:02 EDT" duration-ms="21658">
    <groups>
    </groups>
    <test started-at="2022-08-13T21:05:41 EDT" name="Default test" finished-at="2022-08-13T21:06:02 EDT" duration-ms="21658">
      <class name="net.calculator.tc.Calculator_TC">
        <test-method is-config="true" signature="Setup()[pri:0, instance:net.calculator.tc.Calculator_TC@4cc451f2]" started-at="2022-08-13T21:05:41 EDT" name="Setup" finished-at="2022-08-13T21:05:50 EDT" duration-ms="9269" status="PASS">
          <reporter-output>
          </reporter-output>
        </test-method> <!-- Setup -->
        <test-method signature="Test_Calculator()[pri:0, instance:net.calculator.tc.Calculator_TC@4cc451f2]" started-at="2022-08-13T21:05:50 EDT" name="Test_Calculator" finished-at="2022-08-13T21:05:57 EDT" duration-ms="7311" status="PASS">
          <reporter-output>
          </reporter-output>
        </test-method> <!-- Test_Calculator -->
        <test-method is-config="true" signature="TearDown()[pri:0, instance:net.calculator.tc.Calculator_TC@4cc451f2]" started-at="2022-08-13T21:05:57 EDT" name="TearDown" finished-at="2022-08-13T21:06:02 EDT" duration-ms="4977" status="PASS">
          <reporter-output>
          </reporter-output>
        </test-method> <!-- TearDown -->
      </class> <!-- net.calculator.tc.Calculator_TC -->
    </test> <!-- Default test -->
  </suite> <!-- Default suite -->
</testng-results>
