<?xml version="1.0" encoding="UTF-8"?>
<testng-results ignored="0" total="1" passed="1" failed="0" skipped="0">
  <reporter-output>
  </reporter-output>
  <suite started-at="2022-08-15T07:18:41 EDT" name="Default suite" finished-at="2022-08-15T07:18:48 EDT" duration-ms="7440">
    <groups>
    </groups>
    <test started-at="2022-08-15T07:18:41 EDT" name="Default test" finished-at="2022-08-15T07:18:48 EDT" duration-ms="7440">
      <class name="net.calculator.Test.Calculator_Test">
        <test-method is-config="true" signature="Setup()[pri:0, instance:net.calculator.Test.Calculator_Test@294425a7]" started-at="2022-08-15T07:18:41 EDT" name="Setup" finished-at="2022-08-15T07:18:44 EDT" duration-ms="2641" status="PASS">
          <reporter-output>
          </reporter-output>
        </test-method> <!-- Setup -->
        <test-method signature="Test_Calculator()[pri:0, instance:net.calculator.Test.Calculator_Test@294425a7]" started-at="2022-08-15T07:18:44 EDT" name="Test_Calculator" finished-at="2022-08-15T07:18:48 EDT" duration-ms="4454" status="PASS">
          <reporter-output>
          </reporter-output>
        </test-method> <!-- Test_Calculator -->
        <test-method is-config="true" signature="TearDown()[pri:0, instance:net.calculator.Test.Calculator_Test@294425a7]" started-at="2022-08-15T07:18:48 EDT" name="TearDown" finished-at="2022-08-15T07:18:48 EDT" duration-ms="305" status="PASS">
          <reporter-output>
          </reporter-output>
        </test-method> <!-- TearDown -->
      </class> <!-- net.calculator.Test.Calculator_Test -->
    </test> <!-- Default test -->
  </suite> <!-- Default suite -->
</testng-results>
