<?xml version="1.0" encoding="UTF-8"?>
<testng-results ignored="0" total="1" passed="1" failed="0" skipped="0">
  <reporter-output>
  </reporter-output>
  <suite started-at="2022-08-13T20:09:21 EDT" name="Default suite" finished-at="2022-08-13T20:09:38 EDT" duration-ms="17884">
    <groups>
    </groups>
    <test started-at="2022-08-13T20:09:21 EDT" name="Default test" finished-at="2022-08-13T20:09:38 EDT" duration-ms="17884">
      <class name="net.calculator.Test.Freeimages_TC">
        <test-method is-config="true" signature="Setup()[pri:0, instance:net.calculator.Test.Freeimages_TC@294425a7]" started-at="2022-08-13T20:09:21 EDT" name="Setup" finished-at="2022-08-13T20:09:28 EDT" duration-ms="7698" status="PASS">
          <reporter-output>
          </reporter-output>
        </test-method> <!-- Setup -->
        <test-method signature="Test_location()[pri:0, instance:net.calculator.Test.Freeimages_TC@294425a7]" started-at="2022-08-13T20:09:28 EDT" name="Test_location" finished-at="2022-08-13T20:09:37 EDT" duration-ms="8757" status="PASS">
          <reporter-output>
          </reporter-output>
        </test-method> <!-- Test_location -->
        <test-method is-config="true" signature="TearDown()[pri:0, instance:net.calculator.Test.Freeimages_TC@294425a7]" started-at="2022-08-13T20:09:37 EDT" name="TearDown" finished-at="2022-08-13T20:09:38 EDT" duration-ms="1346" status="PASS">
          <reporter-output>
          </reporter-output>
        </test-method> <!-- TearDown -->
      </class> <!-- net.calculator.Test.Freeimages_TC -->
    </test> <!-- Default test -->
  </suite> <!-- Default suite -->
</testng-results>
